{"/Users/maximozaitsev/Code/git repositories/react-project/src/PokemonList.tsx": {"path":"/Users/maximozaitsev/Code/git repositories/react-project/src/PokemonList.tsx","statementMap":{"0":{"start":{"line":14,"column":48},"end":{"line":60,"column":1}},"1":{"start":{"line":19,"column":40},"end":{"line":19,"column":63}},"2":{"start":{"line":20,"column":32},"end":{"line":20,"column":55}},"3":{"start":{"line":22,"column":2},"end":{"line":41,"column":20}},"4":{"start":{"line":23,"column":29},"end":{"line":38,"column":5}},"5":{"start":{"line":24,"column":6},"end":{"line":24,"column":23}},"6":{"start":{"line":25,"column":6},"end":{"line":37,"column":7}},"7":{"start":{"line":26,"column":25},"end":{"line":31,"column":10}},"8":{"start":{"line":32,"column":8},"end":{"line":32,"column":46}},"9":{"start":{"line":34,"column":8},"end":{"line":34,"column":29}},"10":{"start":{"line":36,"column":8},"end":{"line":36,"column":26}},"11":{"start":{"line":40,"column":4},"end":{"line":40,"column":23}},"12":{"start":{"line":43,"column":30},"end":{"line":45,"column":3}},"13":{"start":{"line":44,"column":4},"end":{"line":44,"column":65}},"14":{"start":{"line":47,"column":2},"end":{"line":49,"column":3}},"15":{"start":{"line":48,"column":4},"end":{"line":48,"column":29}},"16":{"start":{"line":51,"column":2},"end":{"line":59,"column":4}},"17":{"start":{"line":54,"column":8},"end":{"line":56,"column":14}},"18":{"start":{"line":54,"column":47},"end":{"line":54,"column":75}}},"fnMap":{"0":{"name":"(anonymous_0)","decl":{"start":{"line":14,"column":48},"end":{"line":14,"column":49}},"loc":{"start":{"line":18,"column":6},"end":{"line":60,"column":1}},"line":18},"1":{"name":"(anonymous_1)","decl":{"start":{"line":22,"column":12},"end":{"line":22,"column":13}},"loc":{"start":{"line":22,"column":18},"end":{"line":41,"column":3}},"line":22},"2":{"name":"(anonymous_2)","decl":{"start":{"line":23,"column":29},"end":{"line":23,"column":30}},"loc":{"start":{"line":23,"column":41},"end":{"line":38,"column":5}},"line":23},"3":{"name":"(anonymous_3)","decl":{"start":{"line":43,"column":49},"end":{"line":43,"column":50}},"loc":{"start":{"line":44,"column":4},"end":{"line":44,"column":65}},"line":44},"4":{"name":"(anonymous_4)","decl":{"start":{"line":53,"column":31},"end":{"line":53,"column":32}},"loc":{"start":{"line":54,"column":8},"end":{"line":56,"column":14}},"line":54},"5":{"name":"(anonymous_5)","decl":{"start":{"line":54,"column":41},"end":{"line":54,"column":42}},"loc":{"start":{"line":54,"column":47},"end":{"line":54,"column":75}},"line":54}},"branchMap":{"0":{"loc":{"start":{"line":47,"column":2},"end":{"line":49,"column":3}},"type":"if","locations":[{"start":{"line":47,"column":2},"end":{"line":49,"column":3}},{"start":{},"end":{}}],"line":47}},"s":{"0":1,"1":2,"2":2,"3":2,"4":1,"5":1,"6":1,"7":1,"8":1,"9":0,"10":1,"11":1,"12":2,"13":1,"14":2,"15":1,"16":1,"17":1,"18":0},"f":{"0":2,"1":1,"2":1,"3":1,"4":1,"5":0},"b":{"0":[1,1]},"_coverageSchema":"1a1c01bbd47fc00a2c39e90264f33305004495a9","hash":"832fdd17d3e99e387e93dde6d50786fcf21e37a4"}
,"/Users/maximozaitsev/Code/git repositories/react-project/src/Search.tsx": {"path":"/Users/maximozaitsev/Code/git repositories/react-project/src/Search.tsx","statementMap":{"0":{"start":{"line":8,"column":38},"end":{"line":32,"column":1}},"1":{"start":{"line":9,"column":26},"end":{"line":9,"column":41}},"2":{"start":{"line":11,"column":23},"end":{"line":15,"column":3}},"3":{"start":{"line":12,"column":24},"end":{"line":12,"column":35}},"4":{"start":{"line":13,"column":4},"end":{"line":13,"column":26}},"5":{"start":{"line":14,"column":4},"end":{"line":14,"column":52}},"6":{"start":{"line":17,"column":23},"end":{"line":19,"column":3}},"7":{"start":{"line":18,"column":4},"end":{"line":18,"column":28}},"8":{"start":{"line":21,"column":2},"end":{"line":31,"column":4}}},"fnMap":{"0":{"name":"(anonymous_0)","decl":{"start":{"line":8,"column":38},"end":{"line":8,"column":39}},"loc":{"start":{"line":8,"column":56},"end":{"line":32,"column":1}},"line":8},"1":{"name":"(anonymous_1)","decl":{"start":{"line":11,"column":23},"end":{"line":11,"column":24}},"loc":{"start":{"line":11,"column":29},"end":{"line":15,"column":3}},"line":11},"2":{"name":"(anonymous_2)","decl":{"start":{"line":17,"column":23},"end":{"line":17,"column":24}},"loc":{"start":{"line":17,"column":67},"end":{"line":19,"column":3}},"line":17}},"branchMap":{},"s":{"0":1,"1":3,"2":3,"3":1,"4":1,"5":1,"6":3,"7":1,"8":3},"f":{"0":3,"1":1,"2":1},"b":{},"_coverageSchema":"1a1c01bbd47fc00a2c39e90264f33305004495a9","hash":"b53650ebccc73e8bf70f1b6b8d6359fd8b8ffe02"}
,"/Users/maximozaitsev/Code/git repositories/react-project/src/components/Home.tsx": {"path":"/Users/maximozaitsev/Code/git repositories/react-project/src/components/Home.tsx","statementMap":{"0":{"start":{"line":8,"column":23},"end":{"line":61,"column":1}},"1":{"start":{"line":9,"column":38},"end":{"line":9,"column":58}},"2":{"start":{"line":10,"column":48},"end":{"line":10,"column":77}},"3":{"start":{"line":11,"column":19},"end":{"line":11,"column":32}},"4":{"start":{"line":12,"column":19},"end":{"line":12,"column":32}},"5":{"start":{"line":14,"column":17},"end":{"line":14,"column":53}},"6":{"start":{"line":15,"column":22},"end":{"line":15,"column":61}},"7":{"start":{"line":17,"column":23},"end":{"line":19,"column":3}},"8":{"start":{"line":18,"column":4},"end":{"line":18,"column":24}},"9":{"start":{"line":21,"column":29},"end":{"line":25,"column":3}},"10":{"start":{"line":22,"column":4},"end":{"line":22,"column":29}},"11":{"start":{"line":23,"column":4},"end":{"line":23,"column":32}},"12":{"start":{"line":24,"column":4},"end":{"line":24,"column":44}},"13":{"start":{"line":27,"column":29},"end":{"line":31,"column":3}},"14":{"start":{"line":28,"column":4},"end":{"line":28,"column":29}},"15":{"start":{"line":29,"column":4},"end":{"line":29,"column":29}},"16":{"start":{"line":30,"column":4},"end":{"line":30,"column":44}},"17":{"start":{"line":33,"column":2},"end":{"line":60,"column":4}}},"fnMap":{"0":{"name":"(anonymous_0)","decl":{"start":{"line":8,"column":23},"end":{"line":8,"column":24}},"loc":{"start":{"line":8,"column":29},"end":{"line":61,"column":1}},"line":8},"1":{"name":"(anonymous_1)","decl":{"start":{"line":17,"column":23},"end":{"line":17,"column":24}},"loc":{"start":{"line":17,"column":41},"end":{"line":19,"column":3}},"line":17},"2":{"name":"(anonymous_2)","decl":{"start":{"line":21,"column":29},"end":{"line":21,"column":30}},"loc":{"start":{"line":21,"column":47},"end":{"line":25,"column":3}},"line":21},"3":{"name":"(anonymous_3)","decl":{"start":{"line":27,"column":29},"end":{"line":27,"column":30}},"loc":{"start":{"line":27,"column":35},"end":{"line":31,"column":3}},"line":27}},"branchMap":{"0":{"loc":{"start":{"line":15,"column":31},"end":{"line":15,"column":56}},"type":"binary-expr","locations":[{"start":{"line":15,"column":31},"end":{"line":15,"column":49}},{"start":{"line":15,"column":53},"end":{"line":15,"column":56}}],"line":15},"1":{"loc":{"start":{"line":41,"column":37},"end":{"line":41,"column":74}},"type":"cond-expr","locations":[{"start":{"line":41,"column":55},"end":{"line":41,"column":69}},{"start":{"line":41,"column":72},"end":{"line":41,"column":74}}],"line":41},"2":{"loc":{"start":{"line":50,"column":9},"end":{"line":57,"column":9}},"type":"binary-expr","locations":[{"start":{"line":50,"column":9},"end":{"line":50,"column":24}},{"start":{"line":51,"column":10},"end":{"line":56,"column":16}}],"line":50}},"s":{"0":1,"1":8,"2":8,"3":8,"4":8,"5":8,"6":8,"7":8,"8":1,"9":8,"10":2,"11":2,"12":2,"13":8,"14":1,"15":1,"16":1,"17":8},"f":{"0":8,"1":1,"2":2,"3":1},"b":{"0":[8,8],"1":[2,6],"2":[8,2]},"_coverageSchema":"1a1c01bbd47fc00a2c39e90264f33305004495a9","hash":"e801a70d181b67b8c112ec518d7fddb0ecaa0b04"}
,"/Users/maximozaitsev/Code/git repositories/react-project/src/components/Pagination.tsx": {"path":"/Users/maximozaitsev/Code/git repositories/react-project/src/components/Pagination.tsx","statementMap":{"0":{"start":{"line":9,"column":46},"end":{"line":38,"column":1}},"1":{"start":{"line":10,"column":19},"end":{"line":10,"column":32}},"2":{"start":{"line":11,"column":19},"end":{"line":11,"column":32}},"3":{"start":{"line":13,"column":19},"end":{"line":17,"column":3}},"4":{"start":{"line":14,"column":19},"end":{"line":14,"column":55}},"5":{"start":{"line":15,"column":4},"end":{"line":15,"column":40}},"6":{"start":{"line":16,"column":4},"end":{"line":16,"column":44}},"7":{"start":{"line":19,"column":2},"end":{"line":37,"column":4}},"8":{"start":{"line":23,"column":23},"end":{"line":23,"column":48}},"9":{"start":{"line":32,"column":23},"end":{"line":32,"column":48}}},"fnMap":{"0":{"name":"(anonymous_0)","decl":{"start":{"line":9,"column":46},"end":{"line":9,"column":47}},"loc":{"start":{"line":9,"column":79},"end":{"line":38,"column":1}},"line":9},"1":{"name":"(anonymous_1)","decl":{"start":{"line":13,"column":19},"end":{"line":13,"column":20}},"loc":{"start":{"line":13,"column":37},"end":{"line":17,"column":3}},"line":13},"2":{"name":"(anonymous_2)","decl":{"start":{"line":23,"column":17},"end":{"line":23,"column":18}},"loc":{"start":{"line":23,"column":23},"end":{"line":23,"column":48}},"line":23},"3":{"name":"(anonymous_3)","decl":{"start":{"line":32,"column":17},"end":{"line":32,"column":18}},"loc":{"start":{"line":32,"column":23},"end":{"line":32,"column":48}},"line":32}},"branchMap":{},"s":{"0":1,"1":1,"2":1,"3":1,"4":1,"5":1,"6":1,"7":1,"8":0,"9":1},"f":{"0":1,"1":1,"2":0,"3":1},"b":{},"_coverageSchema":"1a1c01bbd47fc00a2c39e90264f33305004495a9","hash":"d8d4deb69932c5fe63f008e6fec7412a20e341b0"}
,"/Users/maximozaitsev/Code/git repositories/react-project/src/components/PokemonDetails.tsx": {"path":"/Users/maximozaitsev/Code/git repositories/react-project/src/components/PokemonDetails.tsx","statementMap":{"0":{"start":{"line":18,"column":54},"end":{"line":57,"column":1}},"1":{"start":{"line":19,"column":32},"end":{"line":19,"column":62}},"2":{"start":{"line":20,"column":32},"end":{"line":20,"column":55}},"3":{"start":{"line":22,"column":2},"end":{"line":38,"column":13}},"4":{"start":{"line":23,"column":32},"end":{"line":35,"column":5}},"5":{"start":{"line":24,"column":6},"end":{"line":24,"column":23}},"6":{"start":{"line":25,"column":6},"end":{"line":34,"column":7}},"7":{"start":{"line":26,"column":25},"end":{"line":28,"column":9}},"8":{"start":{"line":29,"column":8},"end":{"line":29,"column":34}},"9":{"start":{"line":31,"column":8},"end":{"line":31,"column":29}},"10":{"start":{"line":33,"column":8},"end":{"line":33,"column":26}},"11":{"start":{"line":37,"column":4},"end":{"line":37,"column":26}},"12":{"start":{"line":40,"column":2},"end":{"line":42,"column":3}},"13":{"start":{"line":41,"column":4},"end":{"line":41,"column":29}},"14":{"start":{"line":44,"column":2},"end":{"line":46,"column":3}},"15":{"start":{"line":45,"column":4},"end":{"line":45,"column":44}},"16":{"start":{"line":48,"column":2},"end":{"line":56,"column":4}}},"fnMap":{"0":{"name":"(anonymous_0)","decl":{"start":{"line":18,"column":54},"end":{"line":18,"column":55}},"loc":{"start":{"line":18,"column":77},"end":{"line":57,"column":1}},"line":18},"1":{"name":"(anonymous_1)","decl":{"start":{"line":22,"column":12},"end":{"line":22,"column":13}},"loc":{"start":{"line":22,"column":18},"end":{"line":38,"column":3}},"line":22},"2":{"name":"(anonymous_2)","decl":{"start":{"line":23,"column":32},"end":{"line":23,"column":33}},"loc":{"start":{"line":23,"column":44},"end":{"line":35,"column":5}},"line":23}},"branchMap":{"0":{"loc":{"start":{"line":40,"column":2},"end":{"line":42,"column":3}},"type":"if","locations":[{"start":{"line":40,"column":2},"end":{"line":42,"column":3}},{"start":{},"end":{}}],"line":40},"1":{"loc":{"start":{"line":44,"column":2},"end":{"line":46,"column":3}},"type":"if","locations":[{"start":{"line":44,"column":2},"end":{"line":46,"column":3}},{"start":{},"end":{}}],"line":44}},"s":{"0":1,"1":2,"2":2,"3":2,"4":1,"5":1,"6":1,"7":1,"8":1,"9":0,"10":1,"11":1,"12":2,"13":1,"14":1,"15":0,"16":1},"f":{"0":2,"1":1,"2":1},"b":{"0":[1,1],"1":[0,1]},"_coverageSchema":"1a1c01bbd47fc00a2c39e90264f33305004495a9","hash":"7cdafca938e8080f7265cf662da6f491c9a96072"}
,"/Users/maximozaitsev/Code/git repositories/react-project/src/hooks/useSearchTerm.tsx": {"path":"/Users/maximozaitsev/Code/git repositories/react-project/src/hooks/useSearchTerm.tsx","statementMap":{"0":{"start":{"line":3,"column":22},"end":{"line":15,"column":1}},"1":{"start":{"line":4,"column":26},"end":{"line":6,"column":4}},"2":{"start":{"line":5,"column":4},"end":{"line":5,"column":52}},"3":{"start":{"line":8,"column":2},"end":{"line":12,"column":13}},"4":{"start":{"line":9,"column":4},"end":{"line":11,"column":6}},"5":{"start":{"line":10,"column":6},"end":{"line":10,"column":47}},"6":{"start":{"line":14,"column":2},"end":{"line":14,"column":34}}},"fnMap":{"0":{"name":"(anonymous_0)","decl":{"start":{"line":3,"column":22},"end":{"line":3,"column":23}},"loc":{"start":{"line":3,"column":28},"end":{"line":15,"column":1}},"line":3},"1":{"name":"(anonymous_1)","decl":{"start":{"line":4,"column":43},"end":{"line":4,"column":44}},"loc":{"start":{"line":4,"column":49},"end":{"line":6,"column":3}},"line":4},"2":{"name":"(anonymous_2)","decl":{"start":{"line":8,"column":12},"end":{"line":8,"column":13}},"loc":{"start":{"line":8,"column":18},"end":{"line":12,"column":3}},"line":8},"3":{"name":"(anonymous_3)","decl":{"start":{"line":9,"column":11},"end":{"line":9,"column":12}},"loc":{"start":{"line":9,"column":17},"end":{"line":11,"column":5}},"line":9}},"branchMap":{"0":{"loc":{"start":{"line":5,"column":11},"end":{"line":5,"column":51}},"type":"binary-expr","locations":[{"start":{"line":5,"column":11},"end":{"line":5,"column":45}},{"start":{"line":5,"column":49},"end":{"line":5,"column":51}}],"line":5}},"s":{"0":1,"1":3,"2":2,"3":3,"4":3,"5":3,"6":3},"f":{"0":3,"1":2,"2":3,"3":3},"b":{"0":[2,1]},"_coverageSchema":"1a1c01bbd47fc00a2c39e90264f33305004495a9","hash":"723b5db44b8e2c459ee5766224ee45f6aa223de5"}
}
