TN:
SF:src/components/Home.tsx
FN:8,(anonymous_0)
FN:17,(anonymous_1)
FN:21,(anonymous_2)
FN:27,(anonymous_3)
FNF:4
FNH:4
FNDA:8,(anonymous_0)
FNDA:1,(anonymous_1)
FNDA:2,(anonymous_2)
FNDA:1,(anonymous_3)
DA:8,1
DA:9,8
DA:10,8
DA:11,8
DA:12,8
DA:14,8
DA:15,8
DA:17,8
DA:18,1
DA:21,8
DA:22,2
DA:23,2
DA:24,2
DA:27,8
DA:28,1
DA:29,1
DA:30,1
DA:33,8
LF:18
LH:18
BRDA:15,0,0,8
BRDA:15,0,1,8
BRDA:40,1,0,2
BRDA:40,1,1,6
BRDA:49,2,0,8
BRDA:49,2,1,2
BRF:6
BRH:6
end_of_record
TN:
SF:src/components/PokemonDetails.tsx
FN:9,(anonymous_0)
FNF:1
FNH:1
FNDA:3,(anonymous_0)
DA:9,1
DA:10,3
DA:12,3
DA:13,1
DA:16,2
DA:17,1
DA:20,1
LF:7
LH:7
BRDA:12,0,0,1
BRDA:12,0,1,2
BRDA:16,1,0,1
BRDA:16,1,1,1
BRDA:16,2,0,2
BRDA:16,2,1,1
BRF:6
BRH:6
end_of_record
TN:
SF:src/components/Pagination/Pagination.tsx
FN:10,(anonymous_0)
FN:14,(anonymous_1)
FN:24,(anonymous_2)
FN:33,(anonymous_3)
FNF:4
FNH:3
FNDA:1,(anonymous_0)
FNDA:1,(anonymous_1)
FNDA:0,(anonymous_2)
FNDA:1,(anonymous_3)
DA:10,1
DA:11,1
DA:12,1
DA:14,1
DA:15,1
DA:16,1
DA:17,1
DA:20,1
DA:24,0
DA:33,1
LF:10
LH:9
BRF:0
BRH:0
end_of_record
TN:
SF:src/components/PokemonList/PokemonList.tsx
FN:15,(anonymous_0)
FN:27,(anonymous_1)
FN:34,(anonymous_2)
FN:38,(anonymous_3)
FN:56,(anonymous_4)
FN:60,(anonymous_5)
FN:65,(anonymous_6)
FN:66,(anonymous_7)
FNF:8
FNH:7
FNDA:6,(anonymous_0)
FNDA:12,(anonymous_1)
FNDA:8,(anonymous_2)
FNDA:1,(anonymous_3)
FNDA:7,(anonymous_4)
FNDA:0,(anonymous_5)
FNDA:1,(anonymous_6)
FNDA:1,(anonymous_7)
DA:15,1
DA:20,6
DA:25,6
DA:26,6
DA:27,12
DA:29,6
DA:34,6
DA:35,8
DA:38,6
DA:42,1
DA:43,1
DA:46,6
DA:47,1
DA:50,5
DA:51,1
DA:54,4
DA:57,7
DA:60,0
DA:65,1
DA:66,1
LF:20
LH:19
BRDA:22,0,0,0
BRDA:46,1,0,1
BRDA:46,1,1,5
BRDA:50,2,0,1
BRDA:50,2,1,4
BRF:5
BRH:4
end_of_record
TN:
SF:src/components/Search/Search.tsx
FN:9,(anonymous_0)
FN:12,(anonymous_1)
FN:18,(anonymous_2)
FNF:3
FNH:3
FNDA:3,(anonymous_0)
FNDA:1,(anonymous_1)
FNDA:1,(anonymous_2)
DA:9,1
DA:10,3
DA:12,3
DA:13,1
DA:14,1
DA:15,1
DA:18,3
DA:19,1
DA:22,3
LF:9
LH:9
BRF:0
BRH:0
end_of_record
TN:
SF:src/contexts/ThemeContext.tsx
FNF:0
FNH:0
DA:10,1
LF:1
LH:1
BRF:0
BRH:0
end_of_record
TN:
SF:src/hooks/useSearchTerm.tsx
FN:3,(anonymous_0)
FN:4,(anonymous_1)
FN:8,(anonymous_2)
FN:9,(anonymous_3)
FNF:4
FNH:4
FNDA:3,(anonymous_0)
FNDA:2,(anonymous_1)
FNDA:3,(anonymous_2)
FNDA:3,(anonymous_3)
DA:3,1
DA:4,3
DA:5,2
DA:8,3
DA:9,3
DA:10,3
DA:14,3
LF:7
LH:7
BRDA:5,0,0,2
BRDA:5,0,1,1
BRF:2
BRH:2
end_of_record
TN:
SF:src/hooks/useTheme.tsx
FN:4,(anonymous_0)
FNF:1
FNH:0
FNDA:0,(anonymous_0)
DA:4,1
DA:5,0
DA:6,0
DA:7,0
DA:9,0
LF:5
LH:1
BRDA:6,0,0,0
BRDA:6,0,1,0
BRF:2
BRH:0
end_of_record
TN:
SF:src/services/pokemonApi.ts
FN:7,(anonymous_0)
FN:9,(anonymous_1)
FN:10,(anonymous_2)
FN:11,(anonymous_3)
FN:14,(anonymous_4)
FNF:5
FNH:1
FNDA:1,(anonymous_0)
FNDA:0,(anonymous_1)
FNDA:0,(anonymous_2)
FNDA:0,(anonymous_3)
FNDA:0,(anonymous_4)
DA:4,1
DA:7,1
DA:9,0
DA:11,0
DA:14,0
DA:20,1
LF:6
LH:3
BRF:0
BRH:0
end_of_record
TN:
SF:src/store/reducers/selectedPokemonSlice.ts
FN:7,(anonymous_0)
FN:15,(anonymous_1)
FNF:2
FNH:2
FNDA:2,(anonymous_0)
FNDA:1,(anonymous_1)
DA:3,2
DA:8,2
DA:9,2
DA:10,1
DA:12,1
DA:16,1
DA:22,2
LF:7
LH:7
BRDA:9,0,0,1
BRDA:9,0,1,1
BRF:2
BRH:2
end_of_record
