TN:
SF:src/PokemonList.tsx
FN:14,(anonymous_0)
FN:22,(anonymous_1)
FN:23,(anonymous_2)
FN:43,(anonymous_3)
FN:53,(anonymous_4)
FN:54,(anonymous_5)
FNF:6
FNH:5
FNDA:2,(anonymous_0)
FNDA:1,(anonymous_1)
FNDA:1,(anonymous_2)
FNDA:1,(anonymous_3)
FNDA:1,(anonymous_4)
FNDA:0,(anonymous_5)
DA:14,1
DA:19,2
DA:20,2
DA:22,2
DA:23,1
DA:24,1
DA:25,1
DA:26,1
DA:32,1
DA:34,0
DA:36,1
DA:40,1
DA:43,2
DA:44,1
DA:47,2
DA:48,1
DA:51,1
DA:54,1
LF:18
LH:17
BRDA:47,0,0,1
BRDA:47,0,1,1
BRF:2
BRH:2
end_of_record
TN:
SF:src/Search.tsx
FN:8,(anonymous_0)
FN:11,(anonymous_1)
FN:17,(anonymous_2)
FNF:3
FNH:3
FNDA:3,(anonymous_0)
FNDA:1,(anonymous_1)
FNDA:1,(anonymous_2)
DA:8,1
DA:9,3
DA:11,3
DA:12,1
DA:13,1
DA:14,1
DA:17,3
DA:18,1
DA:21,3
LF:9
LH:9
BRF:0
BRH:0
end_of_record
TN:
SF:src/components/Home.tsx
FN:8,(anonymous_0)
FN:17,(anonymous_1)
FN:21,(anonymous_2)
FN:27,(anonymous_3)
FNF:4
FNH:4
FNDA:8,(anonymous_0)
FNDA:1,(anonymous_1)
FNDA:2,(anonymous_2)
FNDA:1,(anonymous_3)
DA:8,1
DA:9,8
DA:10,8
DA:11,8
DA:12,8
DA:14,8
DA:15,8
DA:17,8
DA:18,1
DA:21,8
DA:22,2
DA:23,2
DA:24,2
DA:27,8
DA:28,1
DA:29,1
DA:30,1
DA:33,8
LF:18
LH:18
BRDA:15,0,0,8
BRDA:15,0,1,8
BRDA:41,1,0,2
BRDA:41,1,1,6
BRDA:50,2,0,8
BRDA:50,2,1,2
BRF:6
BRH:6
end_of_record
TN:
SF:src/components/Pagination.tsx
FN:9,(anonymous_0)
FN:13,(anonymous_1)
FN:23,(anonymous_2)
FN:32,(anonymous_3)
FNF:4
FNH:3
FNDA:1,(anonymous_0)
FNDA:1,(anonymous_1)
FNDA:0,(anonymous_2)
FNDA:1,(anonymous_3)
DA:9,1
DA:10,1
DA:11,1
DA:13,1
DA:14,1
DA:15,1
DA:16,1
DA:19,1
DA:23,0
DA:32,1
LF:10
LH:9
BRF:0
BRH:0
end_of_record
TN:
SF:src/components/PokemonDetails.tsx
FN:18,(anonymous_0)
FN:22,(anonymous_1)
FN:23,(anonymous_2)
FNF:3
FNH:3
FNDA:2,(anonymous_0)
FNDA:1,(anonymous_1)
FNDA:1,(anonymous_2)
DA:18,1
DA:19,2
DA:20,2
DA:22,2
DA:23,1
DA:24,1
DA:25,1
DA:26,1
DA:29,1
DA:31,0
DA:33,1
DA:37,1
DA:40,2
DA:41,1
DA:44,1
DA:45,0
DA:48,1
LF:17
LH:15
BRDA:40,0,0,1
BRDA:40,0,1,1
BRDA:44,1,0,0
BRDA:44,1,1,1
BRF:4
BRH:3
end_of_record
TN:
SF:src/hooks/useSearchTerm.tsx
FN:3,(anonymous_0)
FN:4,(anonymous_1)
FN:8,(anonymous_2)
FN:9,(anonymous_3)
FNF:4
FNH:4
FNDA:3,(anonymous_0)
FNDA:2,(anonymous_1)
FNDA:3,(anonymous_2)
FNDA:3,(anonymous_3)
DA:3,1
DA:4,3
DA:5,2
DA:8,3
DA:9,3
DA:10,3
DA:14,3
LF:7
LH:7
BRDA:5,0,0,2
BRDA:5,0,1,1
BRF:2
BRH:2
end_of_record
